<?xml version="1.0" encoding="UTF-8"?>
<coverage generated="1768082708536" clover="3.2.0">
  <project timestamp="1768082708536" name="All files">
    <metrics statements="1" coveredstatements="1" conditionals="0" coveredconditionals="0" methods="1" coveredmethods="1" elements="2" coveredelements="2" complexity="0" loc="1" ncloc="1" packages="1" files="2" classes="2"/>
    <file name="Card.jsx" path="C:\Users\Jack_\Documents\Projects\tv\tv-app\src\components\Card\Card.jsx">
      <metrics statements="1" coveredstatements="1" conditionals="0" coveredconditionals="0" methods="1" coveredmethods="1"/>
      <line num="4" count="1" type="stmt"/>
    </file>
    <file name="Card.module.css" path="C:\Users\Jack_\Documents\Projects\tv\tv-app\src\components\Card\Card.module.css">
      <metrics statements="0" coveredstatements="0" conditionals="0" coveredconditionals="0" methods="0" coveredmethods="0"/>
    </file>
  </project>
</coverage>
