{"C:\\Users\\Jack_\\Documents\\Projects\\tv\\tv-app\\src\\components\\Card\\Card.jsx": {"path":"C:\\Users\\Jack_\\Documents\\Projects\\tv\\tv-app\\src\\components\\Card\\Card.jsx","statementMap":{"0":{"start":{"line":4,"column":4},"end":{"line":14,"column":null}}},"fnMap":{"0":{"name":"Card","decl":{"start":{"line":2,"column":9},"end":{"line":2,"column":15}},"loc":{"start":{"line":2,"column":50},"end":{"line":16,"column":null}},"line":2}},"branchMap":{},"s":{"0":1},"f":{"0":1},"b":{},"meta":{"lastBranch":0,"lastFunction":1,"lastStatement":1,"seen":{"f:2:9:2:15":0,"s:4:4:14:Infinity":0}}}
,"C:\\Users\\Jack_\\Documents\\Projects\\tv\\tv-app\\src\\components\\Card\\Card.module.css": {"path":"C:\\Users\\Jack_\\Documents\\Projects\\tv\\tv-app\\src\\components\\Card\\Card.module.css","statementMap":{},"fnMap":{},"branchMap":{},"s":{},"f":{},"b":{},"meta":{"lastBranch":0,"lastFunction":0,"lastStatement":0,"seen":{}}}
}
