{"C:\\Users\\Jack_\\Documents\\Projects\\tv\\tv-app\\src\\components\\Card.jsx": {"path":"C:\\Users\\Jack_\\Documents\\Projects\\tv\\tv-app\\src\\components\\Card.jsx","statementMap":{"0":{"start":{"line":4,"column":4},"end":{"line":14,"column":null}}},"fnMap":{"0":{"name":"Card","decl":{"start":{"line":2,"column":9},"end":{"line":2,"column":15}},"loc":{"start":{"line":2,"column":50},"end":{"line":16,"column":null}},"line":2}},"branchMap":{},"s":{"0":1},"f":{"0":1},"b":{},"meta":{"lastBranch":0,"lastFunction":1,"lastStatement":1,"seen":{"f:2:9:2:15":0,"s:4:4:14:Infinity":0}}}
,"C:\\Users\\Jack_\\Documents\\Projects\\tv\\tv-app\\src\\components\\Card.module.css": {"path":"C:\\Users\\Jack_\\Documents\\Projects\\tv\\tv-app\\src\\components\\Card.module.css","statementMap":{},"fnMap":{},"branchMap":{},"s":{},"f":{},"b":{},"meta":{"lastBranch":0,"lastFunction":0,"lastStatement":0,"seen":{}}}
,"C:\\Users\\Jack_\\Documents\\Projects\\tv\\tv-app\\src\\components\\Navbar.jsx": {"path":"C:\\Users\\Jack_\\Documents\\Projects\\tv\\tv-app\\src\\components\\Navbar.jsx","statementMap":{"0":{"start":{"line":3,"column":4},"end":{"line":6,"column":null}}},"fnMap":{"0":{"name":"NavBar","decl":{"start":{"line":2,"column":9},"end":{"line":2,"column":17}},"loc":{"start":{"line":2,"column":17},"end":{"line":7,"column":null}},"line":2}},"branchMap":{},"s":{"0":1},"f":{"0":1},"b":{},"meta":{"lastBranch":0,"lastFunction":1,"lastStatement":1,"seen":{"f:2:9:2:17":0,"s:3:4:6:Infinity":0}}}
,"C:\\Users\\Jack_\\Documents\\Projects\\tv\\tv-app\\src\\components\\Navbar.module.css": {"path":"C:\\Users\\Jack_\\Documents\\Projects\\tv\\tv-app\\src\\components\\Navbar.module.css","statementMap":{},"fnMap":{},"branchMap":{},"s":{},"f":{},"b":{},"meta":{"lastBranch":0,"lastFunction":0,"lastStatement":0,"seen":{}}}
,"C:\\Users\\Jack_\\Documents\\Projects\\tv\\tv-app\\src\\components\\SearchBar.jsx": {"path":"C:\\Users\\Jack_\\Documents\\Projects\\tv\\tv-app\\src\\components\\SearchBar.jsx","statementMap":{"0":{"start":{"line":3,"column":4},"end":{"line":11,"column":null}}},"fnMap":{"0":{"name":"SearchBar","decl":{"start":{"line":2,"column":24},"end":{"line":2,"column":35}},"loc":{"start":{"line":2,"column":86},"end":{"line":13,"column":null}},"line":2}},"branchMap":{},"s":{"0":1},"f":{"0":1},"b":{},"meta":{"lastBranch":0,"lastFunction":1,"lastStatement":1,"seen":{"f:2:24:2:35":0,"s:3:4:11:Infinity":0}}}
,"C:\\Users\\Jack_\\Documents\\Projects\\tv\\tv-app\\src\\components\\SearchBar.module.css": {"path":"C:\\Users\\Jack_\\Documents\\Projects\\tv\\tv-app\\src\\components\\SearchBar.module.css","statementMap":{},"fnMap":{},"branchMap":{},"s":{},"f":{},"b":{},"meta":{"lastBranch":0,"lastFunction":0,"lastStatement":0,"seen":{}}}
}
